<?xml version="1.0" encoding="UTF-8"?>
<!-- Generated by org.testng.reporters.JUnitReportReporter -->
<testsuite skipped="0" hostname="LAPTOP-1MU4TKJ5" name="runner.TestRunner" tests="1" failures="0" timestamp="08 May 2021 11:23:21 GMT" time="0.598" errors="0">
  <testcase name="feature" time="0.598" classname="runner.TestRunner"/>
</testsuite> <!-- runner.TestRunner -->
