<?xml version="1.0" encoding="UTF-8"?>
<!-- Generated by org.testng.reporters.JUnitReportReporter -->
<testsuite skipped="0" hostname="LAPTOP-1MU4TKJ5" name="runner.OutputRunner" tests="1" failures="0" timestamp="09 May 2021 09:59:04 GMT" time="114.932" errors="0">
  <testcase name="feature" time="114.932" classname="runner.OutputRunner"/>
</testsuite> <!-- runner.OutputRunner -->
