<?xml version="1.0" encoding="UTF-8"?>
<!-- Generated by org.testng.reporters.JUnitReportReporter -->
<testsuite skipped="0" hostname="LAPTOP-1MU4TKJ5" name="stepDefinition.StartLearningStepDefinition" tests="25" failures="0" timestamp="10 May 2021 07:40:28 GMT" time="120.283" errors="0">
  <testcase name="User_is_successfully_logged_into_his_account" time="8.675" classname="stepDefinition.StartLearningStepDefinition"/>
  <testcase name="user_selects_country_code" time="5.697" classname="stepDefinition.StartLearningStepDefinition"/>
  <testcase name="user_enters_registered_phone_number" time="5.385" classname="stepDefinition.StartLearningStepDefinition"/>
  <testcase name="user_click_login_button" time="0.182" classname="stepDefinition.StartLearningStepDefinition"/>
  <testcase name="user_should_enter_valid_otp" time="2.707" classname="stepDefinition.StartLearningStepDefinition"/>
  <testcase name="click_on_verify_otp_button" time="8.303" classname="stepDefinition.StartLearningStepDefinition"/>
  <testcase name="user_should_be_able_to_login_successfully" time="13.393" classname="stepDefinition.StartLearningStepDefinition"/>
  <testcase name="user_selects_the_courses_he_wants_to_add" time="3.381" classname="stepDefinition.StartLearningStepDefinition"/>
  <testcase name="course_gets_added_to_the_my_goals" time="6.222" classname="stepDefinition.StartLearningStepDefinition"/>
  <testcase name="user_clicks_on_the_exam_type" time="3.084" classname="stepDefinition.StartLearningStepDefinition"/>
  <testcase name="various_courses_related_to_exam_are_displayed" time="1.003" classname="stepDefinition.StartLearningStepDefinition"/>
  <testcase name="user_clicks_on_the_course" time="0.313" classname="stepDefinition.StartLearningStepDefinition"/>
  <testcase name="user_is_navigated_to_select_the_language" time="8.228" classname="stepDefinition.StartLearningStepDefinition"/>
  <testcase name="user_clicks_on_the_remove_sign_on_course" time="5.336" classname="stepDefinition.StartLearningStepDefinition"/>
  <testcase name="show_the_alert_msg" time="5.016" classname="stepDefinition.StartLearningStepDefinition"/>
  <testcase name="when_user_clicks_on_cancel_button" time="3.260" classname="stepDefinition.StartLearningStepDefinition"/>
  <testcase name="the_course_does_not_get_removed" time="5.003" classname="stepDefinition.StartLearningStepDefinition"/>
  <testcase name="user_clicks_on_the_remove_sign_on_course_again" time="0.202" classname="stepDefinition.StartLearningStepDefinition"/>
  <testcase name="the_alert_msg_is_shown_second_time" time="5.006" classname="stepDefinition.StartLearningStepDefinition"/>
  <testcase name="when_user_clicks_on_remove_button" time="0.225" classname="stepDefinition.StartLearningStepDefinition"/>
  <testcase name="the_course_gets_removed" time="5.009" classname="stepDefinition.StartLearningStepDefinition"/>
  <testcase name="user_clicks_on_the_course_in_mygoals" time="5.298" classname="stepDefinition.StartLearningStepDefinition"/>
  <testcase name="user_is_navigated_to_course_description_page" time="5.027" classname="stepDefinition.StartLearningStepDefinition"/>
  <testcase name="when_user_clicks_on_get_subscription" time="5.663" classname="stepDefinition.StartLearningStepDefinition"/>
  <testcase name="user_is_shown_different_subscription_plans" time="8.665" classname="stepDefinition.StartLearningStepDefinition"/>
</testsuite> <!-- stepDefinition.StartLearningStepDefinition -->
