<?xml version="1.0" encoding="UTF-8"?>
<!-- Generated by org.testng.reporters.JUnitReportReporter -->
<testsuite hostname="LAPTOP-1MU4TKJ5" failures="0" tests="1" name="runner.RunnerStartLearning" time="0.010" errors="0" timestamp="06 May 2021 14:21:02 GMT" skipped="0">
  <testcase classname="runner.RunnerStartLearning" name="feature" time="0.010"/>
</testsuite> <!-- runner.RunnerStartLearning -->
