<?xml version="1.0" encoding="UTF-8"?>
<!-- Generated by org.testng.reporters.JUnitReportReporter -->
<testsuite hostname="LAPTOP-1MU4TKJ5" failures="0" tests="1" name="runner.RunnerStartLearning" time="0.000" errors="0" timestamp="05 May 2021 07:52:22 GMT" skipped="1">
  <testcase classname="runner.RunnerStartLearning" name="feature" time="0.000">
    <skipped/>
  </testcase> <!-- feature -->
</testsuite> <!-- runner.RunnerStartLearning -->
