<?xml version="1.0" encoding="UTF-8"?>
<!-- Generated by org.testng.reporters.JUnitReportReporter -->
<testsuite hostname="LAPTOP-1MU4TKJ5" failures="0" tests="3" name="stepDefinition.TestStartLearning" time="22.377" errors="0" timestamp="05 May 2021 07:50:29 GMT" skipped="0">
  <testcase classname="stepDefinition.TestStartLearning" name="user_is_on_start_learning_page" time="7.640"/>
  <testcase classname="stepDefinition.TestStartLearning" name="user_selects_the_courses_he_wants_to_add" time="8.224"/>
  <testcase classname="stepDefinition.TestStartLearning" name="course_gets_added_to_the_my_goals" time="6.513"/>
</testsuite> <!-- stepDefinition.TestStartLearning -->
